<?xml version="1.0" encoding="UTF-8" ?>
<testsuite failures="6" time="146.284" errors="0" skipped="0" tests="8" name="TestSuite">
  <properties>
[...]
</properties>
  <testcase time="63.203" classname="LoginTest" name="RunPictoPop"/>
  <testcase time="15.681" classname="LoginTest" name="SetImageOnWelcomePage">
    <failure message="can not find Pattern(&quot;C:\Users\efrolova\ExSikuli\src\main\resources\VNC\logonUser.png&quot;).similar(0.7) on the screen." type="FindFailed">FindFailed: can not find Pattern(&quot;C:\Users\efrolova\ExSikuli\src\main\resources\VNC\logonUser.png&quot;).similar(0.7) on the screen.
Line ?, in File ?
	at org.sikuli.script.Region.handleFindFailed(Region.java:420)
	at org.sikuli.script.Region.wait(Region.java:511)
	at org.sikuli.script.Region.find(Region.java:381)
	at org.sikuli.script.Region.getLocationFromPSRML(Region.java:1129)
	at org.sikuli.script.Region.click(Region.java:606)
	at org.sikuli.script.Region.click(Region.java:593)
	at automation.LoginScreen.LoginInVnc(LoginScreen.java:78)
	at LoginTest.ValidLoginInVNC_BaseTest(LoginTest.java:24)
	at LoginTest.SetImageOnWelcomePage(LoginTest.java:109)
</failure>
    <system-out>[log] App.open &quot;C:\Program Files (x86)\uvnc bvba\UltraVNC\vncviewer.exe&quot;(2636)
[log] CLICK on (1105,419)
[log] CLICK on (1019,519)
[log] TYPE &quot;icubesoft&quot;
[log] CLICK on (984,558)
[log] CLICK on (1312,583)
[log] CLICK on (1379,1066)
[log] CLICK on (1239,1028)
[log] TYPE &quot;user3&quot;
</system-out>
  </testcase>
  <testcase time="13.234" classname="LoginTest" name="SignIn">
    <failure message="can not find Pattern(&quot;C:\Users\efrolova\ExSikuli\src\main\resources\VNC\logonUser.png&quot;).similar(0.7) on the screen." type="FindFailed">FindFailed: can not find Pattern(&quot;C:\Users\efrolova\ExSikuli\src\main\resources\VNC\logonUser.png&quot;).similar(0.7) on the screen.
Line ?, in File ?
	at org.sikuli.script.Region.handleFindFailed(Region.java:420)
	at org.sikuli.script.Region.wait(Region.java:511)
	at org.sikuli.script.Region.find(Region.java:381)
	at org.sikuli.script.Region.getLocationFromPSRML(Region.java:1129)
	at org.sikuli.script.Region.click(Region.java:606)
	at org.sikuli.script.Region.click(Region.java:593)
	at automation.LoginScreen.LoginInVnc(LoginScreen.java:78)
	at LoginTest.ValidLoginInVNC_BaseTest(LoginTest.java:24)
	at LoginTest.SignIn(LoginTest.java:69)
</failure>
    <system-out>[log] App.open &quot;C:\Program Files (x86)\uvnc bvba\UltraVNC\vncviewer.exe&quot;(4036)
[log] CLICK on (1105,419)
[log] CLICK on (1019,519)
[log] TYPE &quot;icubesoft&quot;
[log] CLICK on (984,558)
[log] CLICK on (1311,583)
[log] CLICK on (1379,1066)
[log] CLICK on (1240,1028)
[log] TYPE &quot;user3&quot;
</system-out>
  </testcase>
  <testcase time="13.268" classname="LoginTest" name="SignUpExName">
    <failure message="can not find Pattern(&quot;C:\Users\efrolova\ExSikuli\src\main\resources\VNC\logonUser.png&quot;).similar(0.7) on the screen." type="FindFailed">FindFailed: can not find Pattern(&quot;C:\Users\efrolova\ExSikuli\src\main\resources\VNC\logonUser.png&quot;).similar(0.7) on the screen.
Line ?, in File ?
	at org.sikuli.script.Region.handleFindFailed(Region.java:420)
	at org.sikuli.script.Region.wait(Region.java:511)
	at org.sikuli.script.Region.find(Region.java:381)
	at org.sikuli.script.Region.getLocationFromPSRML(Region.java:1129)
	at org.sikuli.script.Region.click(Region.java:606)
	at org.sikuli.script.Region.click(Region.java:593)
	at automation.LoginScreen.LoginInVnc(LoginScreen.java:78)
	at LoginTest.ValidLoginInVNC_BaseTest(LoginTest.java:24)
	at LoginTest.SignUpExName(LoginTest.java:96)
</failure>
    <system-out>[log] App.open &quot;C:\Program Files (x86)\uvnc bvba\UltraVNC\vncviewer.exe&quot;(4356)
[log] CLICK on (1105,419)
[log] CLICK on (1019,519)
[log] TYPE &quot;icubesoft&quot;
[log] CLICK on (984,558)
[log] CLICK on (1312,583)
[log] CLICK on (1379,1066)
[log] CLICK on (1240,1028)
[log] TYPE &quot;user3&quot;
</system-out>
  </testcase>
  <testcase time="13.341" classname="LoginTest" name="SignUpNegName">
    <failure message="can not find Pattern(&quot;C:\Users\efrolova\ExSikuli\src\main\resources\VNC\logonUser.png&quot;).similar(0.7) on the screen." type="FindFailed">FindFailed: can not find Pattern(&quot;C:\Users\efrolova\ExSikuli\src\main\resources\VNC\logonUser.png&quot;).similar(0.7) on the screen.
Line ?, in File ?
	at org.sikuli.script.Region.handleFindFailed(Region.java:420)
	at org.sikuli.script.Region.wait(Region.java:511)
	at org.sikuli.script.Region.find(Region.java:381)
	at org.sikuli.script.Region.getLocationFromPSRML(Region.java:1129)
	at org.sikuli.script.Region.click(Region.java:606)
	at org.sikuli.script.Region.click(Region.java:593)
	at automation.LoginScreen.LoginInVnc(LoginScreen.java:78)
	at LoginTest.ValidLoginInVNC_BaseTest(LoginTest.java:24)
	at LoginTest.SignUpNegName(LoginTest.java:82)
</failure>
    <system-out>[log] App.open &quot;C:\Program Files (x86)\uvnc bvba\UltraVNC\vncviewer.exe&quot;(5348)
[log] CLICK on (1105,419)
[log] CLICK on (1019,519)
[log] TYPE &quot;icubesoft&quot;
[log] CLICK on (984,558)
[log] CLICK on (1312,583)
[log] CLICK on (1379,1066)
[log] CLICK on (1379,1066)
[log] TYPE &quot;user3&quot;
</system-out>
  </testcase>
  <testcase time="13.368" classname="LoginTest" name="SignUpWithImage">
    <failure message="can not find Pattern(&quot;C:\Users\efrolova\ExSikuli\src\main\resources\VNC\logonUser.png&quot;).similar(0.7) on the screen." type="FindFailed">FindFailed: can not find Pattern(&quot;C:\Users\efrolova\ExSikuli\src\main\resources\VNC\logonUser.png&quot;).similar(0.7) on the screen.
Line ?, in File ?
	at org.sikuli.script.Region.handleFindFailed(Region.java:420)
	at org.sikuli.script.Region.wait(Region.java:511)
	at org.sikuli.script.Region.find(Region.java:381)
	at org.sikuli.script.Region.getLocationFromPSRML(Region.java:1129)
	at org.sikuli.script.Region.click(Region.java:606)
	at org.sikuli.script.Region.click(Region.java:593)
	at automation.LoginScreen.LoginInVnc(LoginScreen.java:78)
	at LoginTest.ValidLoginInVNC_BaseTest(LoginTest.java:24)
	at LoginTest.SignUpWithImage(LoginTest.java:55)
</failure>
    <system-out>[log] App.open &quot;C:\Program Files (x86)\uvnc bvba\UltraVNC\vncviewer.exe&quot;(4824)
[log] CLICK on (1105,419)
[log] CLICK on (1019,519)
[log] TYPE &quot;icubesoft&quot;
[log] CLICK on (984,558)
[log] CLICK on (1312,583)
[log] CLICK on (1379,1066)
[log] CLICK on (1379,1066)
[log] TYPE &quot;user3&quot;
</system-out>
  </testcase>
  <testcase time="13.653" classname="LoginTest" name="SignUpWithoutImage">
    <failure message="can not find Pattern(&quot;C:\Users\efrolova\ExSikuli\src\main\resources\VNC\logonUser.png&quot;).similar(0.7) on the screen." type="FindFailed">FindFailed: can not find Pattern(&quot;C:\Users\efrolova\ExSikuli\src\main\resources\VNC\logonUser.png&quot;).similar(0.7) on the screen.
Line ?, in File ?
	at org.sikuli.script.Region.handleFindFailed(Region.java:420)
	at org.sikuli.script.Region.wait(Region.java:511)
	at org.sikuli.script.Region.find(Region.java:381)
	at org.sikuli.script.Region.getLocationFromPSRML(Region.java:1129)
	at org.sikuli.script.Region.click(Region.java:606)
	at org.sikuli.script.Region.click(Region.java:593)
	at automation.LoginScreen.LoginInVnc(LoginScreen.java:78)
	at LoginTest.ValidLoginInVNC_BaseTest(LoginTest.java:24)
	at LoginTest.SignUpWithoutImage(LoginTest.java:40)
</failure>
    <system-out>[log] App.open &quot;C:\Program Files (x86)\uvnc bvba\UltraVNC\vncviewer.exe&quot;(5192)
[log] CLICK on (1105,419)
[log] CLICK on (1019,519)
[log] TYPE &quot;icubesoft&quot;
[log] CLICK on (984,558)
[log] CLICK on (1312,583)
[log] CLICK on (1379,1066)
[log] CLICK on (1379,1066)
[log] TYPE &quot;user3&quot;
</system-out>
  </testcase>
  <testcase time="0" classname="SearchAndPlayTest" name="searchAndPlayTest"/>
</testsuite>